Using pre-set license
Built from '2020.3/release' branch; Version is '2020.3.7f1 (dd97f2c94397) revision 14522354'; Using compiler version '192528614'; Build Type 'Release'
OS: 'Windows 10 Pro; OS build 19042.1052; Version 2009; 64bit' Language: 'it' Physical Memory: 8107 MB
BatchMode: 1, IsHumanControllingUs: 0, StartBugReporterOnCrash: 0, Is64bit: 1, IsPro: 0

 COMMAND LINE ARGUMENTS:
C:\Program Files\Unity\Hub\Editor\2020.3.7f1\Editor\Unity.exe
-adb2
-batchMode
-noUpm
-name
AssetImportWorker0
-projectPath
C:/Users/hp/Documents/GitHub/2D Ebru
-logFile
Logs/AssetImportWorker0.log
-srvPort
53503
Successfully changed project path to: C:/Users/hp/Documents/GitHub/2D Ebru
C:/Users/hp/Documents/GitHub/2D Ebru
Using Asset Import Pipeline V2.
Refreshing native plugins compatible for Editor in 349.03 ms, found 1 plugins.
Preloading 0 native plugins for Editor in 0.00 ms.
Initialize engine version: 2020.3.7f1 (dd97f2c94397)
[Subsystems] Discovering subsystems at path C:/Program Files/Unity/Hub/Editor/2020.3.7f1/Editor/Data/Resources/UnitySubsystems
[Subsystems] Discovering subsystems at path C:/Users/hp/Documents/GitHub/2D Ebru/Assets
GfxDevice: creating device client; threaded=0
Direct3D:
    Version:  Direct3D 11.0 [level 11.0]
    Renderer: NVIDIA GeForce MX130 (ID=0x174d)
    Vendor:   
    VRAM:     2010 MB
    Driver:   27.21.14.6677
Initialize mono
Mono path[0] = 'C:/Program Files/Unity/Hub/Editor/2020.3.7f1/Editor/Data/Managed'
Mono path[1] = 'C:/Program Files/Unity/Hub/Editor/2020.3.7f1/Editor/Data/MonoBleedingEdge/lib/mono/unityjit'
Mono config path = 'C:/Program Files/Unity/Hub/Editor/2020.3.7f1/Editor/Data/MonoBleedingEdge/etc'
Using monoOptions --debugger-agent=transport=dt_socket,embedding=1,server=y,suspend=n,address=127.0.0.1:56244
Begin MonoManager ReloadAssembly
Registering precompiled unity dll's ...
Register platform support module: C:/Program Files/Unity/Hub/Editor/2020.3.7f1/Editor/Data/PlaybackEngines/WindowsStandaloneSupport/UnityEditor.WindowsStandalone.Extensions.dll
Registered in 0.002918 seconds.
Native extension for WindowsStandalone target not found
Refreshing native plugins compatible for Editor in 60.01 ms, found 1 plugins.
Preloading 0 native plugins for Editor in 0.00 ms.
Mono: successfully reloaded assembly
- Completed reload, in  4.905 seconds
Platform modules already initialized, skipping
Registering precompiled user dll's ...
Registered in 0.002990 seconds.
Begin MonoManager ReloadAssembly
Native extension for WindowsStandalone target not found
Refreshing native plugins compatible for Editor in 56.37 ms, found 1 plugins.
Preloading 0 native plugins for Editor in 0.00 ms.
Mono: successfully reloaded assembly
- Completed reload, in  1.511 seconds
Platform modules already initialized, skipping
========================================================================
Worker process is ready to serve import requests
Launched and connected shader compiler UnityShaderCompiler.exe after 0.15 seconds
Refreshing native plugins compatible for Editor in 0.44 ms, found 1 plugins.
Preloading 0 native plugins for Editor in 0.00 ms.
Unloading 1974 Unused Serialized files (Serialized files now loaded: 0)
System memory in use before: 90.8 MB.
System memory in use after: 90.8 MB.

Unloading 25 unused Assets to reduce memory usage. Loaded Objects now: 2417.
Total: 4.656300 ms (FindLiveObjects: 0.415800 ms CreateObjectMapping: 0.363800 ms MarkObjects: 3.520700 ms  DeleteObjects: 0.352800 ms)

========================================================================
Received Import Request.
  path: Assets/Warped Caves/Artwork/Sprites/Fx/enemy-death/enemy-death-5.png
  artifactKey: Guid(8db00defd6ecd400f87bab3ee5ca1294) Importer(815301076,1909f56bfc062723c751e8b465ee728b)
Start importing Assets/Warped Caves/Artwork/Sprites/Fx/enemy-death/enemy-death-5.png using Guid(8db00defd6ecd400f87bab3ee5ca1294) Importer(815301076,1909f56bfc062723c751e8b465ee728b)  -> (artifact id: '830e826a8e75c69b633f3b42e03ad129') in 0.326973 seconds
  Import took 0.335529 seconds .

========================================================================
Received Import Request.
  Time since last request: 0.000347 seconds.
  path: Assets/Warped Caves/Artwork/Sprites/Fx/enemy-death/enemy-death-1.png
  artifactKey: Guid(844343837d99f4d15a6c8c2474e89b5b) Importer(815301076,1909f56bfc062723c751e8b465ee728b)
Start importing Assets/Warped Caves/Artwork/Sprites/Fx/enemy-death/enemy-death-1.png using Guid(844343837d99f4d15a6c8c2474e89b5b) Importer(815301076,1909f56bfc062723c751e8b465ee728b)  -> (artifact id: 'f7011bef42878d4414f2b052df5cffd7') in 0.109696 seconds
  Import took 0.122388 seconds .

========================================================================
Received Import Request.
  Time since last request: 0.000248 seconds.
  path: Assets/Warped Caves/Artwork/Sprites/Fx/enemy-death/enemy-death-3.png
  artifactKey: Guid(a8c868134c2fd4c9cb9570398ae1dd1b) Importer(815301076,1909f56bfc062723c751e8b465ee728b)
Start importing Assets/Warped Caves/Artwork/Sprites/Fx/enemy-death/enemy-death-3.png using Guid(a8c868134c2fd4c9cb9570398ae1dd1b) Importer(815301076,1909f56bfc062723c751e8b465ee728b)  -> (artifact id: '9aad8dae977bd5df72d2842c04850b4a') in 0.060234 seconds
  Import took 0.064653 seconds .

========================================================================
Received Import Request.
  Time since last request: 0.000192 seconds.
  path: Assets/Warped Caves/Artwork/Sprites/Fx/enemy-death/enemy-death-2.png
  artifactKey: Guid(9d80066c44a244e11b4bcee1af3060bd) Importer(815301076,1909f56bfc062723c751e8b465ee728b)
Start importing Assets/Warped Caves/Artwork/Sprites/Fx/enemy-death/enemy-death-2.png using Guid(9d80066c44a244e11b4bcee1af3060bd) Importer(815301076,1909f56bfc062723c751e8b465ee728b)  -> (artifact id: '339816b13f312358e1037e7935f488ff') in 0.093077 seconds
  Import took 0.104494 seconds .

========================================================================
Received Import Request.
  Time since last request: 0.000284 seconds.
  path: Assets/Warped Caves/Artwork/Sprites/Fx/enemy-death/enemy-death-4.png
  artifactKey: Guid(c63f5401fba1e49b7be21669f365e8e4) Importer(815301076,1909f56bfc062723c751e8b465ee728b)
Start importing Assets/Warped Caves/Artwork/Sprites/Fx/enemy-death/enemy-death-4.png using Guid(c63f5401fba1e49b7be21669f365e8e4) Importer(815301076,1909f56bfc062723c751e8b465ee728b)  -> (artifact id: '4231e6175cb82a729cc5e825a8ee7311') in 0.069651 seconds
  Import took 0.074196 seconds .

========================================================================
Received Import Request.
  Time since last request: 60.747802 seconds.
  path: Assets/Animation/Crab.controller
  artifactKey: Guid(7d3883fd84ef1634ea5d692c9f8a10f4) Importer(815301076,1909f56bfc062723c751e8b465ee728b)
Start importing Assets/Animation/Crab.controller using Guid(7d3883fd84ef1634ea5d692c9f8a10f4) Importer(815301076,1909f56bfc062723c751e8b465ee728b)  -> (artifact id: '6e6ccf52409d6c33fedf6094e097afbf') in 0.165282 seconds
  Import took 0.227217 seconds .

========================================================================
Received Import Request.
  Time since last request: 20.497413 seconds.
  path: Assets/Animation/EnemyDeath.anim
  artifactKey: Guid(0c7f7dc1aa1946f428d266b69398e56a) Importer(815301076,1909f56bfc062723c751e8b465ee728b)
Start importing Assets/Animation/EnemyDeath.anim using Guid(0c7f7dc1aa1946f428d266b69398e56a) Importer(815301076,1909f56bfc062723c751e8b465ee728b)  -> (artifact id: 'c6877528123d48c218dc8cd5c034ed36') in 0.113797 seconds
  Import took 0.155143 seconds .

========================================================================
Received Prepare
Refreshing native plugins compatible for Editor in 2.80 ms, found 1 plugins.
Preloading 0 native plugins for Editor in 0.00 ms.
Unloading 10 Unused Serialized files (Serialized files now loaded: 0)
System memory in use before: 55.0 MB.
System memory in use after: 55.0 MB.

Unloading 10 unused Assets to reduce memory usage. Loaded Objects now: 2423.
Total: 10.773300 ms (FindLiveObjects: 0.315800 ms CreateObjectMapping: 0.135000 ms MarkObjects: 10.194100 ms  DeleteObjects: 0.126200 ms)

========================================================================
Received Import Request.
  Time since last request: 91.101704 seconds.
  path: Assets/Warped Caves/Artwork/Sprites/enemies/crab-idle/crab-idle-1.png
  artifactKey: Guid(92dc5fd35ad07452cbb4501123046b43) Importer(815301076,1909f56bfc062723c751e8b465ee728b)
Start importing Assets/Warped Caves/Artwork/Sprites/enemies/crab-idle/crab-idle-1.png using Guid(92dc5fd35ad07452cbb4501123046b43) Importer(815301076,1909f56bfc062723c751e8b465ee728b)  -> (artifact id: 'ea573d32ef29b56df3d08fda861b5eef') in 0.081749 seconds
  Import took 0.136875 seconds .

========================================================================
Received Import Request.
  Time since last request: 0.000261 seconds.
  path: Assets/Warped Caves/Artwork/Sprites/enemies/crab-idle/crab-idle-3.png
  artifactKey: Guid(73f67af8124e5433dae031c9bb4f6c86) Importer(815301076,1909f56bfc062723c751e8b465ee728b)
Start importing Assets/Warped Caves/Artwork/Sprites/enemies/crab-idle/crab-idle-3.png using Guid(73f67af8124e5433dae031c9bb4f6c86) Importer(815301076,1909f56bfc062723c751e8b465ee728b)  -> (artifact id: '0e122607c964005e1ebeb1de355b7046') in 0.084672 seconds
  Import took 0.089871 seconds .

========================================================================
Received Import Request.
  Time since last request: 0.000193 seconds.
  path: Assets/Warped Caves/Artwork/Sprites/enemies/crab-idle/crab-idle-4.png
  artifactKey: Guid(d0715c44db0ea459c93a7c9aa2c500e5) Importer(815301076,1909f56bfc062723c751e8b465ee728b)
Start importing Assets/Warped Caves/Artwork/Sprites/enemies/crab-idle/crab-idle-4.png using Guid(d0715c44db0ea459c93a7c9aa2c500e5) Importer(815301076,1909f56bfc062723c751e8b465ee728b)  -> (artifact id: '5cea13670abfcee782d3f0427899dad4') in 0.097168 seconds
  Import took 0.103358 seconds .

========================================================================
Received Import Request.
  Time since last request: 0.000072 seconds.
  path: Assets/Warped Caves/Artwork/Sprites/enemies/crab-idle/crab-idle-2.png
  artifactKey: Guid(70d35059272a84b34bbaa9e365699821) Importer(815301076,1909f56bfc062723c751e8b465ee728b)
Start importing Assets/Warped Caves/Artwork/Sprites/enemies/crab-idle/crab-idle-2.png using Guid(70d35059272a84b34bbaa9e365699821) Importer(815301076,1909f56bfc062723c751e8b465ee728b)  -> (artifact id: 'b65c733ea36316491c5c18c724ddbcad') in 0.097650 seconds
  Import took 0.104565 seconds .

========================================================================
Received Import Request.
  Time since last request: 340.120337 seconds.
  path: Assets
  artifactKey: Guid(00000000000000001000000000000000) Importer(815301076,1909f56bfc062723c751e8b465ee728b)
Start importing Assets using Guid(00000000000000001000000000000000) Importer(815301076,1909f56bfc062723c751e8b465ee728b)  -> (artifact id: '5f6a1853b736837ecfb0820a881449cb') in 0.065688 seconds
  Import took 0.100942 seconds .

========================================================================
Received Prepare
Registering precompiled user dll's ...
Registered in 0.002525 seconds.
Begin MonoManager ReloadAssembly
Native extension for WindowsStandalone target not found
Refreshing native plugins compatible for Editor in 0.46 ms, found 1 plugins.
Preloading 0 native plugins for Editor in 0.00 ms.
Mono: successfully reloaded assembly
- Completed reload, in  1.451 seconds
Platform modules already initialized, skipping
Switching build target platform(5) subTarget(0) extendedPlatform(0) -> platform(13) subTarget(537395200) extendedPlatform(0)
Refreshing native plugins compatible for Editor in 0.51 ms, found 1 plugins.
Preloading 0 native plugins for Editor in 0.00 ms.
Unloading 1970 Unused Serialized files (Serialized files now loaded: 0)
System memory in use before: 93.8 MB.
System memory in use after: 93.7 MB.

Unloading 13 unused Assets to reduce memory usage. Loaded Objects now: 2429.
Total: 2.906000 ms (FindLiveObjects: 0.322500 ms CreateObjectMapping: 0.079200 ms MarkObjects: 2.390600 ms  DeleteObjects: 0.111900 ms)

AssetImportParameters requested are different than current active one (requested -> active):
  custom:graphics/normal-map-encoding: 01000000000000000000000000000000 -> 02000000000000000000000000000000
========================================================================
Received Import Request.
  Time since last request: 16.638960 seconds.
  path: Assets/Custom Prefabs
  artifactKey: Guid(fe7ecea5757b9184382be7df89cb85b6) Importer(815301076,1909f56bfc062723c751e8b465ee728b)
Start importing Assets/Custom Prefabs using Guid(fe7ecea5757b9184382be7df89cb85b6) Importer(815301076,1909f56bfc062723c751e8b465ee728b)  -> (artifact id: 'ecae9a783686423b4d6a6343cc359a0e') in 0.044375 seconds
  Import took 0.055491 seconds .

========================================================================
Received Import Request.
  Time since last request: 9.868559 seconds.
  path: Assets/Custom Prefabs/Bullet.prefab
  artifactKey: Guid(a6b5e043572e6ea438123bf7d0add35e) Importer(815301076,1909f56bfc062723c751e8b465ee728b)
Start importing Assets/Custom Prefabs/Bullet.prefab using Guid(a6b5e043572e6ea438123bf7d0add35e) Importer(815301076,1909f56bfc062723c751e8b465ee728b)  -> (artifact id: '0a4ad3284cf737a9c55ee8d9c85a12ab') in 0.407712 seconds
  Import took 0.443371 seconds .

========================================================================
Received Import Request.
  Time since last request: 8.508221 seconds.
  path: Assets/Custom Prefabs/DeathEffect.prefab
  artifactKey: Guid(295c88a06253cbf4e9aa962d0937bd27) Importer(815301076,1909f56bfc062723c751e8b465ee728b)
Start importing Assets/Custom Prefabs/DeathEffect.prefab using Guid(295c88a06253cbf4e9aa962d0937bd27) Importer(815301076,1909f56bfc062723c751e8b465ee728b)  -> (artifact id: 'e3fc4b25f5513b3be6bfe803fcc069b0') in 0.060971 seconds
  Import took 0.076924 seconds .

========================================================================
Received Import Request.
  Time since last request: 79.412300 seconds.
  path: Assets/Warped Caves/Bullet.prefab
  artifactKey: Guid(b496d8f2cb498d04391726550b37d4a2) Importer(815301076,1909f56bfc062723c751e8b465ee728b)
Start importing Assets/Warped Caves/Bullet.prefab using Guid(b496d8f2cb498d04391726550b37d4a2) Importer(815301076,1909f56bfc062723c751e8b465ee728b)  -> (artifact id: 'c2e5502b310dcc5881b7a2f67fb70482') in 0.234245 seconds
  Import took 0.241539 seconds .

========================================================================
Received Prepare
Registering precompiled user dll's ...
Registered in 0.002776 seconds.
Begin MonoManager ReloadAssembly
Native extension for WindowsStandalone target not found
Refreshing native plugins compatible for Editor in 0.43 ms, found 1 plugins.
Preloading 0 native plugins for Editor in 0.00 ms.
Mono: successfully reloaded assembly
- Completed reload, in  2.350 seconds
Platform modules already initialized, skipping
Switching build target platform(5) subTarget(0) extendedPlatform(0) -> platform(13) subTarget(537395200) extendedPlatform(0)
Refreshing native plugins compatible for Editor in 2.75 ms, found 1 plugins.
Preloading 0 native plugins for Editor in 0.00 ms.
Unloading 1970 Unused Serialized files (Serialized files now loaded: 0)
System memory in use before: 93.9 MB.
System memory in use after: 93.8 MB.

Unloading 13 unused Assets to reduce memory usage. Loaded Objects now: 2438.
Total: 7.567900 ms (FindLiveObjects: 0.621400 ms CreateObjectMapping: 0.112700 ms MarkObjects: 6.702300 ms  DeleteObjects: 0.129500 ms)

AssetImportParameters requested are different than current active one (requested -> active):
  custom:graphics/normal-map-encoding: 01000000000000000000000000000000 -> 02000000000000000000000000000000
========================================================================
Received Prepare
Registering precompiled user dll's ...
Registered in 0.002132 seconds.
Begin MonoManager ReloadAssembly
Native extension for WindowsStandalone target not found
Refreshing native plugins compatible for Editor in 0.44 ms, found 1 plugins.
Preloading 0 native plugins for Editor in 0.00 ms.
Mono: successfully reloaded assembly
- Completed reload, in  1.926 seconds
Platform modules already initialized, skipping
Switching build target platform(5) subTarget(0) extendedPlatform(0) -> platform(13) subTarget(537395200) extendedPlatform(0)
Refreshing native plugins compatible for Editor in 0.51 ms, found 1 plugins.
Preloading 0 native plugins for Editor in 0.00 ms.
Unloading 1970 Unused Serialized files (Serialized files now loaded: 0)
System memory in use before: 93.9 MB.
System memory in use after: 93.9 MB.

Unloading 13 unused Assets to reduce memory usage. Loaded Objects now: 2442.
Total: 3.139100 ms (FindLiveObjects: 0.511300 ms CreateObjectMapping: 0.101900 ms MarkObjects: 2.396600 ms  DeleteObjects: 0.128000 ms)

AssetImportParameters requested are different than current active one (requested -> active):
  custom:graphics/normal-map-encoding: 01000000000000000000000000000000 -> 02000000000000000000000000000000
========================================================================
Received Prepare
Registering precompiled user dll's ...
Registered in 0.001797 seconds.
Begin MonoManager ReloadAssembly
Native extension for WindowsStandalone target not found
Refreshing native plugins compatible for Editor in 0.54 ms, found 1 plugins.
Preloading 0 native plugins for Editor in 0.00 ms.
Mono: successfully reloaded assembly
- Completed reload, in  2.311 seconds
Platform modules already initialized, skipping
Switching build target platform(5) subTarget(0) extendedPlatform(0) -> platform(13) subTarget(537395200) extendedPlatform(0)
Refreshing native plugins compatible for Editor in 1.14 ms, found 1 plugins.
Preloading 0 native plugins for Editor in 0.00 ms.
Unloading 1970 Unused Serialized files (Serialized files now loaded: 0)
System memory in use before: 93.9 MB.
System memory in use after: 93.9 MB.

Unloading 13 unused Assets to reduce memory usage. Loaded Objects now: 2446.
Total: 3.055500 ms (FindLiveObjects: 0.231400 ms CreateObjectMapping: 0.085300 ms MarkObjects: 2.619300 ms  DeleteObjects: 0.117900 ms)

AssetImportParameters requested are different than current active one (requested -> active):
  custom:graphics/normal-map-encoding: 01000000000000000000000000000000 -> 02000000000000000000000000000000
========================================================================
Received Prepare
Registering precompiled user dll's ...
Registered in 0.001346 seconds.
Begin MonoManager ReloadAssembly
Native extension for WindowsStandalone target not found
Refreshing native plugins compatible for Editor in 0.43 ms, found 1 plugins.
Preloading 0 native plugins for Editor in 0.00 ms.
Mono: successfully reloaded assembly
- Completed reload, in  1.631 seconds
Platform modules already initialized, skipping
Switching build target platform(5) subTarget(0) extendedPlatform(0) -> platform(13) subTarget(537395200) extendedPlatform(0)
Refreshing native plugins compatible for Editor in 0.49 ms, found 1 plugins.
Preloading 0 native plugins for Editor in 0.00 ms.
Unloading 1970 Unused Serialized files (Serialized files now loaded: 0)
System memory in use before: 93.9 MB.
System memory in use after: 93.9 MB.

Unloading 13 unused Assets to reduce memory usage. Loaded Objects now: 2450.
Total: 4.316900 ms (FindLiveObjects: 0.271500 ms CreateObjectMapping: 0.084400 ms MarkObjects: 3.774300 ms  DeleteObjects: 0.184600 ms)

AssetImportParameters requested are different than current active one (requested -> active):
  custom:graphics/normal-map-encoding: 01000000000000000000000000000000 -> 02000000000000000000000000000000
========================================================================
Received Import Request.
  Time since last request: 1309.652709 seconds.
  path: Assets/Materials
  artifactKey: Guid(6faf160f8428782479057bd32796371f) Importer(815301076,1909f56bfc062723c751e8b465ee728b)
Start importing Assets/Materials using Guid(6faf160f8428782479057bd32796371f) Importer(815301076,1909f56bfc062723c751e8b465ee728b)  -> (artifact id: '3e70a1fadb2370d7a7a241e5eb2d7930') in 0.020545 seconds
  Import took 0.025230 seconds .

========================================================================
Received Import Request.
  Time since last request: 29.683438 seconds.
  path: Assets/Materials/New Physics Material 2D.physicsMaterial2D
  artifactKey: Guid(f46fe97e7fd309344b894a54cade16c5) Importer(815301076,1909f56bfc062723c751e8b465ee728b)
Start importing Assets/Materials/New Physics Material 2D.physicsMaterial2D using Guid(f46fe97e7fd309344b894a54cade16c5) Importer(815301076,1909f56bfc062723c751e8b465ee728b)  -> (artifact id: 'eac397ca5c0ecf7d4e31a72a2557e933') in 0.102761 seconds
  Import took 0.109516 seconds .

========================================================================
Received Import Request.
  Time since last request: 18.909879 seconds.
  path: Assets/Materials/TilemapMaterial.physicsMaterial2D
  artifactKey: Guid(f46fe97e7fd309344b894a54cade16c5) Importer(815301076,1909f56bfc062723c751e8b465ee728b)
Start importing Assets/Materials/TilemapMaterial.physicsMaterial2D using Guid(f46fe97e7fd309344b894a54cade16c5) Importer(815301076,1909f56bfc062723c751e8b465ee728b)  -> (artifact id: '4fdbea4277c8cb12e631215e489b09d4') in 0.040894 seconds
  Import took 0.049385 seconds .

========================================================================
Received Prepare
Registering precompiled user dll's ...
Registered in 0.002211 seconds.
Begin MonoManager ReloadAssembly
Native extension for WindowsStandalone target not found
Refreshing native plugins compatible for Editor in 0.74 ms, found 1 plugins.
Preloading 0 native plugins for Editor in 0.00 ms.
Mono: successfully reloaded assembly
- Completed reload, in  2.421 seconds
Platform modules already initialized, skipping
Switching build target platform(5) subTarget(0) extendedPlatform(0) -> platform(13) subTarget(537395200) extendedPlatform(0)
Refreshing native plugins compatible for Editor in 1.06 ms, found 1 plugins.
Preloading 0 native plugins for Editor in 0.00 ms.
Unloading 1970 Unused Serialized files (Serialized files now loaded: 0)
System memory in use before: 93.9 MB.
System memory in use after: 93.9 MB.

Unloading 13 unused Assets to reduce memory usage. Loaded Objects now: 2454.
Total: 34.262400 ms (FindLiveObjects: 1.372100 ms CreateObjectMapping: 0.233500 ms MarkObjects: 32.469600 ms  DeleteObjects: 0.185200 ms)

AssetImportParameters requested are different than current active one (requested -> active):
  custom:graphics/normal-map-encoding: 01000000000000000000000000000000 -> 02000000000000000000000000000000
========================================================================
Received Prepare
Registering precompiled user dll's ...
Registered in 0.001357 seconds.
Begin MonoManager ReloadAssembly
Native extension for WindowsStandalone target not found
Refreshing native plugins compatible for Editor in 0.67 ms, found 1 plugins.
Preloading 0 native plugins for Editor in 0.00 ms.
Mono: successfully reloaded assembly
- Completed reload, in  2.926 seconds
Platform modules already initialized, skipping
Switching build target platform(5) subTarget(0) extendedPlatform(0) -> platform(13) subTarget(537395200) extendedPlatform(0)
Refreshing native plugins compatible for Editor in 2.76 ms, found 1 plugins.
Preloading 0 native plugins for Editor in 0.00 ms.
Unloading 1970 Unused Serialized files (Serialized files now loaded: 0)
System memory in use before: 94.0 MB.
System memory in use after: 93.9 MB.

Unloading 13 unused Assets to reduce memory usage. Loaded Objects now: 2458.
Total: 16.698400 ms (FindLiveObjects: 1.896000 ms CreateObjectMapping: 0.215600 ms MarkObjects: 14.417800 ms  DeleteObjects: 0.164600 ms)

AssetImportParameters requested are different than current active one (requested -> active):
  custom:graphics/normal-map-encoding: 01000000000000000000000000000000 -> 02000000000000000000000000000000
========================================================================
Received Prepare
Registering precompiled user dll's ...
Registered in 0.003546 seconds.
Begin MonoManager ReloadAssembly
Native extension for WindowsStandalone target not found
Refreshing native plugins compatible for Editor in 0.47 ms, found 1 plugins.
Preloading 0 native plugins for Editor in 0.00 ms.
Mono: successfully reloaded assembly
- Completed reload, in  1.573 seconds
Platform modules already initialized, skipping
Switching build target platform(5) subTarget(0) extendedPlatform(0) -> platform(13) subTarget(537395200) extendedPlatform(0)
Refreshing native plugins compatible for Editor in 1.38 ms, found 1 plugins.
Preloading 0 native plugins for Editor in 0.00 ms.
Unloading 1970 Unused Serialized files (Serialized files now loaded: 0)
System memory in use before: 94.0 MB.
System memory in use after: 93.9 MB.

Unloading 13 unused Assets to reduce memory usage. Loaded Objects now: 2462.
Total: 2.769900 ms (FindLiveObjects: 0.326500 ms CreateObjectMapping: 0.102800 ms MarkObjects: 2.186000 ms  DeleteObjects: 0.152400 ms)

AssetImportParameters requested are different than current active one (requested -> active):
  custom:graphics/normal-map-encoding: 01000000000000000000000000000000 -> 02000000000000000000000000000000
========================================================================
Received Import Request.
  Time since last request: 472.148350 seconds.
  path: Assets/Materials/TilemapMaterial.physicsMaterial2D
  artifactKey: Guid(f46fe97e7fd309344b894a54cade16c5) Importer(815301076,1909f56bfc062723c751e8b465ee728b)
Start importing Assets/Materials/TilemapMaterial.physicsMaterial2D using Guid(f46fe97e7fd309344b894a54cade16c5) Importer(815301076,1909f56bfc062723c751e8b465ee728b)  -> (artifact id: 'bd87b9ff0ca9f9f61dd97aa602255778') in 0.053123 seconds
  Import took 0.062993 seconds .

